[2019-11-16 4:55:50 SA]
[EXUCUTESCALAR]
[SQL String: INSERT INTO CONTACTS (
[FULLNAME]
,[EMAIL]
,[PHONE]
,[ADDRESS]
,[TITLE]
,[DESCRIPTION]
,[EMAIL_TO]
,[ORTHER_INFO]
,[COMPANY_NAME]
,[COMPANY_ADDRESS]
,[COMPANY_PHONE]
,[FAX]
,[SERVICES_CODE]
,[SERVICES]
,[TYPE]
,[GENDER]
,[POST_ZIP]
,[CITY]
,[COUNTRY]
,[PROVINE]
,[HOME_PHONE]
,[PHONE_2]
,[POSITION]
,[POSITION_NAME]
,[GROUP]
,[GROUP_NAME]
,[FULLNAME_NOSIGN]
)
  VALUES(
N'Jones'
,N'eric@talkwithcustomer.com'
,N'416-385-3200'
,N''
,N''
,N'Hey,

You have a website sunhitech.vn, right?

Of course you do. I am looking at your website now.

It gets traffic every day – that you’re probably spending $2 / $4 / $10 or more a click to get.  Not including all of the work you put into creating social media, videos, blog posts, emails, and so on.

So you’re investing seriously in getting people to that site.

But how’s it working?  Great? Okay?  Not so much?

If that answer could be better, then it’s likely you’re putting a lot of time, effort, and money into an approach that’s not paying off like it should.

Now… imagine doubling your lead conversion in just minutes… In fact, I’ll go even better.
 
You could actually get up to 100X more conversions!

I’m not making this up.  As Chris Smith, best-selling author of The Conversion Code says: Speed is essential - there is a 100x decrease in Leads when a Lead is contacted within 14 minutes vs being contacted within 5 minutes.

He’s backed up by a study at MIT that found the odds of contacting a lead will increase by 100 times if attempted in 5 minutes or less.

Again, out of the 100s of visitors to your website, how many actually call to become clients?

Well, you can significantly increase the number of calls you get – with ZERO extra effort.

TalkWithCustomer makes it easy, simple, and fast – in fact, you can start getting more calls today… and at absolutely no charge to you.

CLICK HERE http://www.talkwithcustomer.com now to take a free, 14-day test drive to find out how.

Sincerely,
Eric

PS: Don’t just take my word for it, TalkWithCustomer works:
EMA has been looking for ways to reach out to an audience. TalkWithCustomer so far is the most direct call of action. It has produced above average closing ratios and we are thrilled. Thank you for providing a real and effective tool to generate REAL leads. - P MontesDeOca.
Best of all, act now to get a no-cost 14-Day Test Drive – our gift to you just for giving TalkWithCustomer a try. 
CLICK HERE http://www.talkwithcustomer.com to start converting up to 100X more leads today!

If you''d like to unsubscribe click here http://liveserveronline.com/talkwithcustomer.aspx?d=sunhitech.vn'
,N''
,N''
,N''
,N''
,N''
,N''
,N''
,N''
,1
,N''
,N''
,N''
,N''
,N''
,N''
,N''
,N''
,N''
,N''
,N''
,N''
)
; SELECT ISNULL(SCOPE_IDENTITY(),1) AS [SCOPE_IDENTITY] .Net SqlClient Data Provider]
String or binary data would be truncated.
The statement has been terminated.
   at System.Data.SqlClient.SqlConnection.OnError(SqlException exception, Boolean breakConnection, Action`1 wrapCloseInAction)
   at System.Data.SqlClient.SqlInternalConnection.OnError(SqlException exception, Boolean breakConnection, Action`1 wrapCloseInAction)
   at System.Data.SqlClient.TdsParser.ThrowExceptionAndWarning(TdsParserStateObject stateObj, Boolean callerHasConnectionLock, Boolean asyncClose)
   at System.Data.SqlClient.TdsParser.TryRun(RunBehavior runBehavior, SqlCommand cmdHandler, SqlDataReader dataStream, BulkCopySimpleResultSet bulkCopyHandler, TdsParserStateObject stateObj, Boolean& dataReady)
   at System.Data.SqlClient.SqlDataReader.TryConsumeMetaData()
   at System.Data.SqlClient.SqlDataReader.get_MetaData()
   at System.Data.SqlClient.SqlCommand.FinishExecuteReader(SqlDataReader ds, RunBehavior runBehavior, String resetOptionsString, Boolean isInternal, Boolean forDescribeParameterEncryption, Boolean shouldCacheForAlwaysEncrypted)
   at System.Data.SqlClient.SqlCommand.RunExecuteReaderTds(CommandBehavior cmdBehavior, RunBehavior runBehavior, Boolean returnStream, Boolean async, Int32 timeout, Task& task, Boolean asyncWrite, Boolean inRetry, SqlDataReader ds, Boolean describeParameterEncryptionRequest)
   at System.Data.SqlClient.SqlCommand.RunExecuteReader(CommandBehavior cmdBehavior, RunBehavior runBehavior, Boolean returnStream, String method, TaskCompletionSource`1 completion, Int32 timeout, Task& task, Boolean& usedCache, Boolean asyncWrite, Boolean inRetry)
   at System.Data.SqlClient.SqlCommand.RunExecuteReader(CommandBehavior cmdBehavior, RunBehavior runBehavior, Boolean returnStream, String method)
   at System.Data.SqlClient.SqlCommand.ExecuteScalar()
   at TN.ComLib.DB.DBBase.ExecuteScalar(String sqlString, CommandType cmdType, SqlParameter[] parameters)
[2019-11-16 4:55:50 SA]
[SQL_LOG]
INSERT INTO CONTACTS (
[FULLNAME]
,[EMAIL]
,[PHONE]
,[ADDRESS]
,[TITLE]
,[DESCRIPTION]
,[EMAIL_TO]
,[ORTHER_INFO]
,[COMPANY_NAME]
,[COMPANY_ADDRESS]
,[COMPANY_PHONE]
,[FAX]
,[SERVICES_CODE]
,[SERVICES]
,[TYPE]
,[GENDER]
,[POST_ZIP]
,[CITY]
,[COUNTRY]
,[PROVINE]
,[HOME_PHONE]
,[PHONE_2]
,[POSITION]
,[POSITION_NAME]
,[GROUP]
,[GROUP_NAME]
,[FULLNAME_NOSIGN]
)
  VALUES(
N'Jones'
,N'eric@talkwithcustomer.com'
,N'416-385-3200'
,N''
,N''
,N'Hey,

You have a website sunhitech.vn, right?

Of course you do. I am looking at your website now.

It gets traffic every day – that you’re probably spending $2 / $4 / $10 or more a click to get.  Not including all of the work you put into creating social media, videos, blog posts, emails, and so on.

So you’re investing seriously in getting people to that site.

But how’s it working?  Great? Okay?  Not so much?

If that answer could be better, then it’s likely you’re putting a lot of time, effort, and money into an approach that’s not paying off like it should.

Now… imagine doubling your lead conversion in just minutes… In fact, I’ll go even better.
 
You could actually get up to 100X more conversions!

I’m not making this up.  As Chris Smith, best-selling author of The Conversion Code says: Speed is essential - there is a 100x decrease in Leads when a Lead is contacted within 14 minutes vs being contacted within 5 minutes.

He’s backed up by a study at MIT that found the odds of contacting a lead will increase by 100 times if attempted in 5 minutes or less.

Again, out of the 100s of visitors to your website, how many actually call to become clients?

Well, you can significantly increase the number of calls you get – with ZERO extra effort.

TalkWithCustomer makes it easy, simple, and fast – in fact, you can start getting more calls today… and at absolutely no charge to you.

CLICK HERE http://www.talkwithcustomer.com now to take a free, 14-day test drive to find out how.

Sincerely,
Eric

PS: Don’t just take my word for it, TalkWithCustomer works:
EMA has been looking for ways to reach out to an audience. TalkWithCustomer so far is the most direct call of action. It has produced above average closing ratios and we are thrilled. Thank you for providing a real and effective tool to generate REAL leads. - P MontesDeOca.
Best of all, act now to get a no-cost 14-Day Test Drive – our gift to you just for giving TalkWithCustomer a try. 
CLICK HERE http://www.talkwithcustomer.com to start converting up to 100X more leads today!

If you''d like to unsubscribe click here http://liveserveronline.com/talkwithcustomer.aspx?d=sunhitech.vn'
,N''
,N''
,N''
,N''
,N''
,N''
,N''
,N''
,1
,N''
,N''
,N''
,N''
,N''
,N''
,N''
,N''
,N''
,N''
,N''
,N''
)
; SELECT ISNULL(SCOPE_IDENTITY(),1) AS [SCOPE_IDENTITY]
[2019-11-16 4:55:50 SA]
[INSERT]
[.Net SqlClient Data Provider]
String or binary data would be truncated.
The statement has been terminated.
   at TN.ComLib.DB.DBAccess`1.Insert(T item, String[] arrExcludeFields)
   at TN.ComLib.CommonHelper`1.Insert(T obj)
