[2019-12-11 10:52:55 SA]
[EXUCUTESCALAR]
[SQL String: INSERT INTO CONTACTS (
[FULLNAME]
,[EMAIL]
,[PHONE]
,[ADDRESS]
,[TITLE]
,[DESCRIPTION]
,[EMAIL_TO]
,[ORTHER_INFO]
,[COMPANY_NAME]
,[COMPANY_ADDRESS]
,[COMPANY_PHONE]
,[FAX]
,[SERVICES_CODE]
,[SERVICES]
,[TYPE]
,[GENDER]
,[POST_ZIP]
,[CITY]
,[COUNTRY]
,[PROVINE]
,[HOME_PHONE]
,[PHONE_2]
,[POSITION]
,[POSITION_NAME]
,[GROUP]
,[GROUP_NAME]
,[FULLNAME_NOSIGN]
)
  VALUES(
N'Jones'
,N'eric@talkwithcustomer.com'
,N'416-385-3200'
,N''
,N''
,N'Hello sunhitech.vn,

People ask, “why does TalkWithCustomer work so well?”

It’s simple.

TalkWithCustomer enables you to connect with a prospective customer at EXACTLY the Perfect Time.

- NOT one week, two weeks, three weeks after they’ve checked out your website sunhitech.vn.
- NOT with a form letter style email that looks like it was written by a bot.
- NOT with a robocall that could come at any time out of the blue.

TalkWithCustomer connects you to that person within seconds of THEM asking to hear from YOU.

They kick off the conversation.

They take that first step.

They ask to hear from you regarding what you have to offer and how it can make their life better. 

And it happens almost immediately. In real time. While they’re still looking over your website sunhitech.vn, trying to make up their mind whether you are right for them.

When you connect with them at that very moment it’s the ultimate in Perfect Timing – as one famous marketer put it, “you’re entering the conversation already going on in their mind.”

You can’t find a better opportunity than that.

And you can’t find an easier way to seize that chance than TalkWithCustomer. 

CLICK HERE http://www.talkwithcustomer.com now to take a free, 14-day test drive and see what a difference “Perfect Timing” can make to your business.

Sincerely,
Eric

PS:  If you’re wondering whether NOW is the perfect time to try TalkWithCustomer, ask yourself this:
Will doing what I’m already doing now produce up to 100X more leads?
Because those are the kinds of results we know TalkWithCustomer can deliver.  
It shouldn’t even be a question, especially since it will cost you ZERO to give it a try. 
CLICK HERE http://www.talkwithcustomer.com to start your free 14-day test drive today.

If you''d like to unsubscribe click here http://liveserveronline.com/talkwithcustomer.aspx?d=sunhitech.vn'
,N''
,N''
,N''
,N''
,N''
,N''
,N''
,N''
,1
,N''
,N''
,N''
,N''
,N''
,N''
,N''
,N''
,N''
,N''
,N''
,N''
)
; SELECT ISNULL(SCOPE_IDENTITY(),1) AS [SCOPE_IDENTITY] .Net SqlClient Data Provider]
String or binary data would be truncated.
The statement has been terminated.
   at System.Data.SqlClient.SqlConnection.OnError(SqlException exception, Boolean breakConnection, Action`1 wrapCloseInAction)
   at System.Data.SqlClient.SqlInternalConnection.OnError(SqlException exception, Boolean breakConnection, Action`1 wrapCloseInAction)
   at System.Data.SqlClient.TdsParser.ThrowExceptionAndWarning(TdsParserStateObject stateObj, Boolean callerHasConnectionLock, Boolean asyncClose)
   at System.Data.SqlClient.TdsParser.TryRun(RunBehavior runBehavior, SqlCommand cmdHandler, SqlDataReader dataStream, BulkCopySimpleResultSet bulkCopyHandler, TdsParserStateObject stateObj, Boolean& dataReady)
   at System.Data.SqlClient.SqlDataReader.TryConsumeMetaData()
   at System.Data.SqlClient.SqlDataReader.get_MetaData()
   at System.Data.SqlClient.SqlCommand.FinishExecuteReader(SqlDataReader ds, RunBehavior runBehavior, String resetOptionsString, Boolean isInternal, Boolean forDescribeParameterEncryption, Boolean shouldCacheForAlwaysEncrypted)
   at System.Data.SqlClient.SqlCommand.RunExecuteReaderTds(CommandBehavior cmdBehavior, RunBehavior runBehavior, Boolean returnStream, Boolean async, Int32 timeout, Task& task, Boolean asyncWrite, Boolean inRetry, SqlDataReader ds, Boolean describeParameterEncryptionRequest)
   at System.Data.SqlClient.SqlCommand.RunExecuteReader(CommandBehavior cmdBehavior, RunBehavior runBehavior, Boolean returnStream, String method, TaskCompletionSource`1 completion, Int32 timeout, Task& task, Boolean& usedCache, Boolean asyncWrite, Boolean inRetry)
   at System.Data.SqlClient.SqlCommand.RunExecuteReader(CommandBehavior cmdBehavior, RunBehavior runBehavior, Boolean returnStream, String method)
   at System.Data.SqlClient.SqlCommand.ExecuteScalar()
   at TN.ComLib.DB.DBBase.ExecuteScalar(String sqlString, CommandType cmdType, SqlParameter[] parameters)
[2019-12-11 10:52:55 SA]
[SQL_LOG]
INSERT INTO CONTACTS (
[FULLNAME]
,[EMAIL]
,[PHONE]
,[ADDRESS]
,[TITLE]
,[DESCRIPTION]
,[EMAIL_TO]
,[ORTHER_INFO]
,[COMPANY_NAME]
,[COMPANY_ADDRESS]
,[COMPANY_PHONE]
,[FAX]
,[SERVICES_CODE]
,[SERVICES]
,[TYPE]
,[GENDER]
,[POST_ZIP]
,[CITY]
,[COUNTRY]
,[PROVINE]
,[HOME_PHONE]
,[PHONE_2]
,[POSITION]
,[POSITION_NAME]
,[GROUP]
,[GROUP_NAME]
,[FULLNAME_NOSIGN]
)
  VALUES(
N'Jones'
,N'eric@talkwithcustomer.com'
,N'416-385-3200'
,N''
,N''
,N'Hello sunhitech.vn,

People ask, “why does TalkWithCustomer work so well?”

It’s simple.

TalkWithCustomer enables you to connect with a prospective customer at EXACTLY the Perfect Time.

- NOT one week, two weeks, three weeks after they’ve checked out your website sunhitech.vn.
- NOT with a form letter style email that looks like it was written by a bot.
- NOT with a robocall that could come at any time out of the blue.

TalkWithCustomer connects you to that person within seconds of THEM asking to hear from YOU.

They kick off the conversation.

They take that first step.

They ask to hear from you regarding what you have to offer and how it can make their life better. 

And it happens almost immediately. In real time. While they’re still looking over your website sunhitech.vn, trying to make up their mind whether you are right for them.

When you connect with them at that very moment it’s the ultimate in Perfect Timing – as one famous marketer put it, “you’re entering the conversation already going on in their mind.”

You can’t find a better opportunity than that.

And you can’t find an easier way to seize that chance than TalkWithCustomer. 

CLICK HERE http://www.talkwithcustomer.com now to take a free, 14-day test drive and see what a difference “Perfect Timing” can make to your business.

Sincerely,
Eric

PS:  If you’re wondering whether NOW is the perfect time to try TalkWithCustomer, ask yourself this:
Will doing what I’m already doing now produce up to 100X more leads?
Because those are the kinds of results we know TalkWithCustomer can deliver.  
It shouldn’t even be a question, especially since it will cost you ZERO to give it a try. 
CLICK HERE http://www.talkwithcustomer.com to start your free 14-day test drive today.

If you''d like to unsubscribe click here http://liveserveronline.com/talkwithcustomer.aspx?d=sunhitech.vn'
,N''
,N''
,N''
,N''
,N''
,N''
,N''
,N''
,1
,N''
,N''
,N''
,N''
,N''
,N''
,N''
,N''
,N''
,N''
,N''
,N''
)
; SELECT ISNULL(SCOPE_IDENTITY(),1) AS [SCOPE_IDENTITY]
[2019-12-11 10:52:55 SA]
[INSERT]
[.Net SqlClient Data Provider]
String or binary data would be truncated.
The statement has been terminated.
   at TN.ComLib.DB.DBAccess`1.Insert(T item, String[] arrExcludeFields)
   at TN.ComLib.CommonHelper`1.Insert(T obj)
