[2019-10-19 12:15:49 CH]
[SAVEIMAGE]
[System.Drawing]
A generic error occurred in GDI+.
   at System.Drawing.Image.Save(String filename, ImageCodecInfo encoder, EncoderParameters encoderParams)
   at TrungNamCMS.Models.CMSUtil.SaveImage(Image imgSrc, Int32 newWidth, String fileDesct, Int32 defColorDepth, Single defResolution, Boolean fixNewWidth)
[2019-10-19 12:46:58 CH]
[SAVEIMAGE]
[System.Drawing]
A generic error occurred in GDI+.
   at System.Drawing.Image.Save(String filename, ImageCodecInfo encoder, EncoderParameters encoderParams)
   at TrungNamCMS.Models.CMSUtil.SaveImage(Image imgSrc, Int32 newWidth, String fileDesct, Int32 defColorDepth, Single defResolution, Boolean fixNewWidth)
[2019-10-19 1:43:47 CH]
[SAVEIMAGE]
[System.Drawing]
A generic error occurred in GDI+.
   at System.Drawing.Image.Save(String filename, ImageCodecInfo encoder, EncoderParameters encoderParams)
   at TrungNamCMS.Models.CMSUtil.SaveImage(Image imgSrc, Int32 newWidth, String fileDesct, Int32 defColorDepth, Single defResolution, Boolean fixNewWidth)
[2019-10-19 2:48:14 CH]
[SAVEIMAGE]
[System.Drawing]
A generic error occurred in GDI+.
   at System.Drawing.Image.Save(String filename, ImageCodecInfo encoder, EncoderParameters encoderParams)
   at TrungNamCMS.Models.CMSUtil.SaveImage(Image imgSrc, Int32 newWidth, String fileDesct, Int32 defColorDepth, Single defResolution, Boolean fixNewWidth)
[2019-10-19 2:53:35 CH]
[SAVEIMAGE]
[System.Drawing]
A generic error occurred in GDI+.
   at System.Drawing.Image.Save(String filename, ImageCodecInfo encoder, EncoderParameters encoderParams)
   at TrungNamCMS.Models.CMSUtil.SaveImage(Image imgSrc, Int32 newWidth, String fileDesct, Int32 defColorDepth, Single defResolution, Boolean fixNewWidth)
[2019-10-19 2:56:19 CH]
[SAVEIMAGE]
[System.Drawing]
A generic error occurred in GDI+.
   at System.Drawing.Image.Save(String filename, ImageCodecInfo encoder, EncoderParameters encoderParams)
   at TrungNamCMS.Models.CMSUtil.SaveImage(Image imgSrc, Int32 newWidth, String fileDesct, Int32 defColorDepth, Single defResolution, Boolean fixNewWidth)
[2019-10-19 3:04:40 CH]
[SAVEIMAGE]
[System.Drawing]
A generic error occurred in GDI+.
   at System.Drawing.Image.Save(String filename, ImageCodecInfo encoder, EncoderParameters encoderParams)
   at TrungNamCMS.Models.CMSUtil.SaveImage(Image imgSrc, Int32 newWidth, String fileDesct, Int32 defColorDepth, Single defResolution, Boolean fixNewWidth)
[2019-10-19 3:56:45 CH]
[SAVEIMAGE]
[System.Drawing]
A generic error occurred in GDI+.
   at System.Drawing.Image.Save(String filename, ImageCodecInfo encoder, EncoderParameters encoderParams)
   at TrungNamCMS.Models.CMSUtil.SaveImage(Image imgSrc, Int32 newWidth, String fileDesct, Int32 defColorDepth, Single defResolution, Boolean fixNewWidth)
[2019-10-19 11:25:36 PM]
[CHANGELANGUAGE SETCURLANGUAGE]
[System.Web]
The remote host closed the connection. The error code is 0x80070057.
   at System.Web.Hosting.IIS7WorkerRequest.RaiseCommunicationError(Int32 result, Boolean throwOnDisconnect)
   at System.Web.Hosting.IIS7WorkerRequest.ExplicitFlush()
   at System.Web.HttpResponse.Flush(Boolean finalFlush, Boolean async)
   at System.Web.HttpResponse.Flush()
   at System.Web.HttpResponse.End()
   at System.Web.HttpResponse.Redirect(String url, Boolean endResponse, Boolean permanent)
   at System.Web.HttpResponseWrapper.Redirect(String url)
   at TrungNamCMS.Controllers.Admin.LanguageController.ChangeLanguage(String newlang)
