[2019-10-22 8:52:22 SA]
[SAVEIMAGE]
[System.Drawing]
A generic error occurred in GDI+.
   at System.Drawing.Image.Save(String filename, ImageCodecInfo encoder, EncoderParameters encoderParams)
   at TrungNamCMS.Models.CMSUtil.SaveImage(Image imgSrc, Int32 newWidth, String fileDesct, Int32 defColorDepth, Single defResolution, Boolean fixNewWidth)
[2019-10-22 11:47:41 AM]
[SAVEIMAGE]
[System.Drawing]
A generic error occurred in GDI+.
   at System.Drawing.Image.Save(String filename, ImageCodecInfo encoder, EncoderParameters encoderParams)
   at TrungNamCMS.Models.CMSUtil.SaveImage(Image imgSrc, Int32 newWidth, String fileDesct, Int32 defColorDepth, Single defResolution, Boolean fixNewWidth)
[2019-10-22 2:52:47 PM]
[SAVEIMAGE]
[System.Drawing]
A generic error occurred in GDI+.
   at System.Drawing.Image.Save(String filename, ImageCodecInfo encoder, EncoderParameters encoderParams)
   at TrungNamCMS.Models.CMSUtil.SaveImage(Image imgSrc, Int32 newWidth, String fileDesct, Int32 defColorDepth, Single defResolution, Boolean fixNewWidth)
[2019-10-22 2:55:03 CH]
[SAVEIMAGE]
[System.Drawing]
A generic error occurred in GDI+.
   at System.Drawing.Image.Save(String filename, ImageCodecInfo encoder, EncoderParameters encoderParams)
   at TrungNamCMS.Models.CMSUtil.SaveImage(Image imgSrc, Int32 newWidth, String fileDesct, Int32 defColorDepth, Single defResolution, Boolean fixNewWidth)
