[2020-03-03 11:02:17 CH]
[EXUCUTESCALAR]
[SQL String: INSERT INTO CONTACTS (
[FULLNAME]
,[EMAIL]
,[PHONE]
,[ADDRESS]
,[TITLE]
,[DESCRIPTION]
,[EMAIL_TO]
,[ORTHER_INFO]
,[COMPANY_NAME]
,[COMPANY_ADDRESS]
,[COMPANY_PHONE]
,[FAX]
,[SERVICES_CODE]
,[SERVICES]
,[TYPE]
,[GENDER]
,[POST_ZIP]
,[CITY]
,[COUNTRY]
,[PROVINE]
,[HOME_PHONE]
,[PHONE_2]
,[POSITION]
,[POSITION_NAME]
,[GROUP]
,[GROUP_NAME]
,[FULLNAME_NOSIGN]
)
  VALUES(
N'AnthonynoiGn'
,N'raphaeFlenInjent@gmail.com'
,N'82195273249'
,N''
,N''
,N'Hello!  sunhitech.vn 
 
Do you know the best way to talk about your products or services? Sending messages exploitation feedback forms will permit you to simply enter the markets of any country (full geographical coverage for all countries of the world).  The advantage of such a mailing  is that the emails that will be sent through it''ll end up within the mailbox that is meant for such messages. Causing messages using Feedback forms isn''t blocked by mail systems, which suggests it''s bound to reach the client. You may be able to send your offer to potential customers who were previously unavailable due to email filters. 
We offer you to check our service for free of charge. We are going to send up to fifty thousand message for you. 
The cost of sending one million messages is us $ 49. 
 
This message is created automatically. Please use the contact details below to contact us. 
 
Contact us. 
Telegram - @FeedbackMessages 
Skype  live:contactform_18 
Email - make-success@mail.ru'
,N''
,N''
,N''
,N''
,N''
,N''
,N''
,N''
,1
,N''
,N''
,N''
,N''
,N''
,N''
,N''
,N''
,N''
,N''
,N''
,N''
)
; SELECT ISNULL(SCOPE_IDENTITY(),1) AS [SCOPE_IDENTITY] .Net SqlClient Data Provider]
String or binary data would be truncated.
The statement has been terminated.
   at System.Data.SqlClient.SqlConnection.OnError(SqlException exception, Boolean breakConnection, Action`1 wrapCloseInAction)
   at System.Data.SqlClient.SqlInternalConnection.OnError(SqlException exception, Boolean breakConnection, Action`1 wrapCloseInAction)
   at System.Data.SqlClient.TdsParser.ThrowExceptionAndWarning(TdsParserStateObject stateObj, Boolean callerHasConnectionLock, Boolean asyncClose)
   at System.Data.SqlClient.TdsParser.TryRun(RunBehavior runBehavior, SqlCommand cmdHandler, SqlDataReader dataStream, BulkCopySimpleResultSet bulkCopyHandler, TdsParserStateObject stateObj, Boolean& dataReady)
   at System.Data.SqlClient.SqlDataReader.TryConsumeMetaData()
   at System.Data.SqlClient.SqlDataReader.get_MetaData()
   at System.Data.SqlClient.SqlCommand.FinishExecuteReader(SqlDataReader ds, RunBehavior runBehavior, String resetOptionsString, Boolean isInternal, Boolean forDescribeParameterEncryption, Boolean shouldCacheForAlwaysEncrypted)
   at System.Data.SqlClient.SqlCommand.RunExecuteReaderTds(CommandBehavior cmdBehavior, RunBehavior runBehavior, Boolean returnStream, Boolean async, Int32 timeout, Task& task, Boolean asyncWrite, Boolean inRetry, SqlDataReader ds, Boolean describeParameterEncryptionRequest)
   at System.Data.SqlClient.SqlCommand.RunExecuteReader(CommandBehavior cmdBehavior, RunBehavior runBehavior, Boolean returnStream, String method, TaskCompletionSource`1 completion, Int32 timeout, Task& task, Boolean& usedCache, Boolean asyncWrite, Boolean inRetry)
   at System.Data.SqlClient.SqlCommand.RunExecuteReader(CommandBehavior cmdBehavior, RunBehavior runBehavior, Boolean returnStream, String method)
   at System.Data.SqlClient.SqlCommand.ExecuteScalar()
   at TN.ComLib.DB.DBBase.ExecuteScalar(String sqlString, CommandType cmdType, SqlParameter[] parameters)
[2020-03-03 11:02:17 CH]
[SQL_LOG]
INSERT INTO CONTACTS (
[FULLNAME]
,[EMAIL]
,[PHONE]
,[ADDRESS]
,[TITLE]
,[DESCRIPTION]
,[EMAIL_TO]
,[ORTHER_INFO]
,[COMPANY_NAME]
,[COMPANY_ADDRESS]
,[COMPANY_PHONE]
,[FAX]
,[SERVICES_CODE]
,[SERVICES]
,[TYPE]
,[GENDER]
,[POST_ZIP]
,[CITY]
,[COUNTRY]
,[PROVINE]
,[HOME_PHONE]
,[PHONE_2]
,[POSITION]
,[POSITION_NAME]
,[GROUP]
,[GROUP_NAME]
,[FULLNAME_NOSIGN]
)
  VALUES(
N'AnthonynoiGn'
,N'raphaeFlenInjent@gmail.com'
,N'82195273249'
,N''
,N''
,N'Hello!  sunhitech.vn 
 
Do you know the best way to talk about your products or services? Sending messages exploitation feedback forms will permit you to simply enter the markets of any country (full geographical coverage for all countries of the world).  The advantage of such a mailing  is that the emails that will be sent through it''ll end up within the mailbox that is meant for such messages. Causing messages using Feedback forms isn''t blocked by mail systems, which suggests it''s bound to reach the client. You may be able to send your offer to potential customers who were previously unavailable due to email filters. 
We offer you to check our service for free of charge. We are going to send up to fifty thousand message for you. 
The cost of sending one million messages is us $ 49. 
 
This message is created automatically. Please use the contact details below to contact us. 
 
Contact us. 
Telegram - @FeedbackMessages 
Skype  live:contactform_18 
Email - make-success@mail.ru'
,N''
,N''
,N''
,N''
,N''
,N''
,N''
,N''
,1
,N''
,N''
,N''
,N''
,N''
,N''
,N''
,N''
,N''
,N''
,N''
,N''
)
; SELECT ISNULL(SCOPE_IDENTITY(),1) AS [SCOPE_IDENTITY]
[2020-03-03 11:02:17 CH]
[INSERT]
[.Net SqlClient Data Provider]
String or binary data would be truncated.
The statement has been terminated.
   at TN.ComLib.DB.DBAccess`1.Insert(T item, String[] arrExcludeFields)
   at TN.ComLib.CommonHelper`1.Insert(T obj)
