[2020-01-22 6:00:27 CH]
[EXUCUTESCALAR]
[SQL String: INSERT INTO CONTACTS (
[FULLNAME]
,[EMAIL]
,[PHONE]
,[ADDRESS]
,[TITLE]
,[DESCRIPTION]
,[EMAIL_TO]
,[ORTHER_INFO]
,[COMPANY_NAME]
,[COMPANY_ADDRESS]
,[COMPANY_PHONE]
,[FAX]
,[SERVICES_CODE]
,[SERVICES]
,[TYPE]
,[GENDER]
,[POST_ZIP]
,[CITY]
,[COUNTRY]
,[PROVINE]
,[HOME_PHONE]
,[PHONE_2]
,[POSITION]
,[POSITION_NAME]
,[GROUP]
,[GROUP_NAME]
,[FULLNAME_NOSIGN]
)
  VALUES(
N'Libby'
,N'stephan.libby@outlook.com'
,N'0499 77 87 70'
,N''
,N''
,N'hi,
Hope you are doing well and fine

If you ever need more local visibility for your website, kindly consider our Local SEO plan and get guaranteed results in local searchs
https://www.ghostdigital.co/product/local-seo-package/

Also if you`ll want better ranks in the Google maps searches, please consider our new Citations strategy below:
https://www.ghostdigital.co/product/google-maps-citations/

We also offer big discounts for multiple plans
email us your requirements here ghostdigital.mike@gmail.com

many thanks
Mike'
,N''
,N''
,N''
,N''
,N''
,N''
,N''
,N''
,1
,N''
,N''
,N''
,N''
,N''
,N''
,N''
,N''
,N''
,N''
,N''
,N''
)
; SELECT ISNULL(SCOPE_IDENTITY(),1) AS [SCOPE_IDENTITY] .Net SqlClient Data Provider]
String or binary data would be truncated.
The statement has been terminated.
   at System.Data.SqlClient.SqlConnection.OnError(SqlException exception, Boolean breakConnection, Action`1 wrapCloseInAction)
   at System.Data.SqlClient.SqlInternalConnection.OnError(SqlException exception, Boolean breakConnection, Action`1 wrapCloseInAction)
   at System.Data.SqlClient.TdsParser.ThrowExceptionAndWarning(TdsParserStateObject stateObj, Boolean callerHasConnectionLock, Boolean asyncClose)
   at System.Data.SqlClient.TdsParser.TryRun(RunBehavior runBehavior, SqlCommand cmdHandler, SqlDataReader dataStream, BulkCopySimpleResultSet bulkCopyHandler, TdsParserStateObject stateObj, Boolean& dataReady)
   at System.Data.SqlClient.SqlDataReader.TryConsumeMetaData()
   at System.Data.SqlClient.SqlDataReader.get_MetaData()
   at System.Data.SqlClient.SqlCommand.FinishExecuteReader(SqlDataReader ds, RunBehavior runBehavior, String resetOptionsString, Boolean isInternal, Boolean forDescribeParameterEncryption, Boolean shouldCacheForAlwaysEncrypted)
   at System.Data.SqlClient.SqlCommand.RunExecuteReaderTds(CommandBehavior cmdBehavior, RunBehavior runBehavior, Boolean returnStream, Boolean async, Int32 timeout, Task& task, Boolean asyncWrite, Boolean inRetry, SqlDataReader ds, Boolean describeParameterEncryptionRequest)
   at System.Data.SqlClient.SqlCommand.RunExecuteReader(CommandBehavior cmdBehavior, RunBehavior runBehavior, Boolean returnStream, String method, TaskCompletionSource`1 completion, Int32 timeout, Task& task, Boolean& usedCache, Boolean asyncWrite, Boolean inRetry)
   at System.Data.SqlClient.SqlCommand.RunExecuteReader(CommandBehavior cmdBehavior, RunBehavior runBehavior, Boolean returnStream, String method)
   at System.Data.SqlClient.SqlCommand.ExecuteScalar()
   at TN.ComLib.DB.DBBase.ExecuteScalar(String sqlString, CommandType cmdType, SqlParameter[] parameters)
[2020-01-22 6:00:27 CH]
[SQL_LOG]
INSERT INTO CONTACTS (
[FULLNAME]
,[EMAIL]
,[PHONE]
,[ADDRESS]
,[TITLE]
,[DESCRIPTION]
,[EMAIL_TO]
,[ORTHER_INFO]
,[COMPANY_NAME]
,[COMPANY_ADDRESS]
,[COMPANY_PHONE]
,[FAX]
,[SERVICES_CODE]
,[SERVICES]
,[TYPE]
,[GENDER]
,[POST_ZIP]
,[CITY]
,[COUNTRY]
,[PROVINE]
,[HOME_PHONE]
,[PHONE_2]
,[POSITION]
,[POSITION_NAME]
,[GROUP]
,[GROUP_NAME]
,[FULLNAME_NOSIGN]
)
  VALUES(
N'Libby'
,N'stephan.libby@outlook.com'
,N'0499 77 87 70'
,N''
,N''
,N'hi,
Hope you are doing well and fine

If you ever need more local visibility for your website, kindly consider our Local SEO plan and get guaranteed results in local searchs
https://www.ghostdigital.co/product/local-seo-package/

Also if you`ll want better ranks in the Google maps searches, please consider our new Citations strategy below:
https://www.ghostdigital.co/product/google-maps-citations/

We also offer big discounts for multiple plans
email us your requirements here ghostdigital.mike@gmail.com

many thanks
Mike'
,N''
,N''
,N''
,N''
,N''
,N''
,N''
,N''
,1
,N''
,N''
,N''
,N''
,N''
,N''
,N''
,N''
,N''
,N''
,N''
,N''
)
; SELECT ISNULL(SCOPE_IDENTITY(),1) AS [SCOPE_IDENTITY]
[2020-01-22 6:00:27 CH]
[INSERT]
[.Net SqlClient Data Provider]
String or binary data would be truncated.
The statement has been terminated.
   at TN.ComLib.DB.DBAccess`1.Insert(T item, String[] arrExcludeFields)
   at TN.ComLib.CommonHelper`1.Insert(T obj)
