[2020-03-30 7:55:38 CH]
[EXUCUTESCALAR]
[SQL String: INSERT INTO CONTACTS (
[FULLNAME]
,[EMAIL]
,[PHONE]
,[ADDRESS]
,[TITLE]
,[DESCRIPTION]
,[EMAIL_TO]
,[ORTHER_INFO]
,[COMPANY_NAME]
,[COMPANY_ADDRESS]
,[COMPANY_PHONE]
,[FAX]
,[SERVICES_CODE]
,[SERVICES]
,[TYPE]
,[GENDER]
,[POST_ZIP]
,[CITY]
,[COUNTRY]
,[PROVINE]
,[HOME_PHONE]
,[PHONE_2]
,[POSITION]
,[POSITION_NAME]
,[GROUP]
,[GROUP_NAME]
,[FULLNAME_NOSIGN]
)
  VALUES(
N'VladimirOlegovich'
,N'tamiapuckett1992@tigipan.bizml.ru'
,N'89169319983'
,N''
,N''
,N'Здравствуйте! 
Хотим предложить лучшие "смертоносные" прогоны для сайтов конкурента. Всего от 2 000 руб. 
- Гарантированный эффект. Веб-сайты ваших конкурентов "упадут". 
- Максимальное число негативных фитбеков. 
- Наша специальная база - выжимка самых сильных площадок из 10 000 000 веб-сайтов (спамных, порно, вирусных и тому подобных). Это работает безотказно. 
- Прогон производим сразу с четырех серверов. 
- Безостановочная отправка активационных ссылок на электронный ящик. 
- Выполнение на протяжении 40-240 часов. Можем растянуть как угодно по времени. 
- Прогон с запрещёнными ключами. 
- При 2-х заказах - отличные бонусы. 
 
Стоимость  $50 
Полная отчётность. 
Оплата: Qiwi, Яндекс.Деньги, Bitcoin, Visa, MasterCard... 
Telgrm: @exrumer 
Whatssap: +7(906)53121-55 
Viber: +7(977)52-554-62  
Skype: XRumer.pro 
маил: support@xrumer.eu'
,N''
,N''
,N''
,N''
,N''
,N''
,N''
,N''
,1
,N''
,N''
,N''
,N''
,N''
,N''
,N''
,N''
,N''
,N''
,N''
,N''
)
; SELECT ISNULL(SCOPE_IDENTITY(),1) AS [SCOPE_IDENTITY] .Net SqlClient Data Provider]
String or binary data would be truncated.
The statement has been terminated.
   at System.Data.SqlClient.SqlConnection.OnError(SqlException exception, Boolean breakConnection, Action`1 wrapCloseInAction)
   at System.Data.SqlClient.SqlInternalConnection.OnError(SqlException exception, Boolean breakConnection, Action`1 wrapCloseInAction)
   at System.Data.SqlClient.TdsParser.ThrowExceptionAndWarning(TdsParserStateObject stateObj, Boolean callerHasConnectionLock, Boolean asyncClose)
   at System.Data.SqlClient.TdsParser.TryRun(RunBehavior runBehavior, SqlCommand cmdHandler, SqlDataReader dataStream, BulkCopySimpleResultSet bulkCopyHandler, TdsParserStateObject stateObj, Boolean& dataReady)
   at System.Data.SqlClient.SqlDataReader.TryConsumeMetaData()
   at System.Data.SqlClient.SqlDataReader.get_MetaData()
   at System.Data.SqlClient.SqlCommand.FinishExecuteReader(SqlDataReader ds, RunBehavior runBehavior, String resetOptionsString, Boolean isInternal, Boolean forDescribeParameterEncryption, Boolean shouldCacheForAlwaysEncrypted)
   at System.Data.SqlClient.SqlCommand.RunExecuteReaderTds(CommandBehavior cmdBehavior, RunBehavior runBehavior, Boolean returnStream, Boolean async, Int32 timeout, Task& task, Boolean asyncWrite, Boolean inRetry, SqlDataReader ds, Boolean describeParameterEncryptionRequest)
   at System.Data.SqlClient.SqlCommand.RunExecuteReader(CommandBehavior cmdBehavior, RunBehavior runBehavior, Boolean returnStream, String method, TaskCompletionSource`1 completion, Int32 timeout, Task& task, Boolean& usedCache, Boolean asyncWrite, Boolean inRetry)
   at System.Data.SqlClient.SqlCommand.RunExecuteReader(CommandBehavior cmdBehavior, RunBehavior runBehavior, Boolean returnStream, String method)
   at System.Data.SqlClient.SqlCommand.ExecuteScalar()
   at TN.ComLib.DB.DBBase.ExecuteScalar(String sqlString, CommandType cmdType, SqlParameter[] parameters)
[2020-03-30 7:55:38 CH]
[SQL_LOG]
INSERT INTO CONTACTS (
[FULLNAME]
,[EMAIL]
,[PHONE]
,[ADDRESS]
,[TITLE]
,[DESCRIPTION]
,[EMAIL_TO]
,[ORTHER_INFO]
,[COMPANY_NAME]
,[COMPANY_ADDRESS]
,[COMPANY_PHONE]
,[FAX]
,[SERVICES_CODE]
,[SERVICES]
,[TYPE]
,[GENDER]
,[POST_ZIP]
,[CITY]
,[COUNTRY]
,[PROVINE]
,[HOME_PHONE]
,[PHONE_2]
,[POSITION]
,[POSITION_NAME]
,[GROUP]
,[GROUP_NAME]
,[FULLNAME_NOSIGN]
)
  VALUES(
N'VladimirOlegovich'
,N'tamiapuckett1992@tigipan.bizml.ru'
,N'89169319983'
,N''
,N''
,N'Здравствуйте! 
Хотим предложить лучшие "смертоносные" прогоны для сайтов конкурента. Всего от 2 000 руб. 
- Гарантированный эффект. Веб-сайты ваших конкурентов "упадут". 
- Максимальное число негативных фитбеков. 
- Наша специальная база - выжимка самых сильных площадок из 10 000 000 веб-сайтов (спамных, порно, вирусных и тому подобных). Это работает безотказно. 
- Прогон производим сразу с четырех серверов. 
- Безостановочная отправка активационных ссылок на электронный ящик. 
- Выполнение на протяжении 40-240 часов. Можем растянуть как угодно по времени. 
- Прогон с запрещёнными ключами. 
- При 2-х заказах - отличные бонусы. 
 
Стоимость  $50 
Полная отчётность. 
Оплата: Qiwi, Яндекс.Деньги, Bitcoin, Visa, MasterCard... 
Telgrm: @exrumer 
Whatssap: +7(906)53121-55 
Viber: +7(977)52-554-62  
Skype: XRumer.pro 
маил: support@xrumer.eu'
,N''
,N''
,N''
,N''
,N''
,N''
,N''
,N''
,1
,N''
,N''
,N''
,N''
,N''
,N''
,N''
,N''
,N''
,N''
,N''
,N''
)
; SELECT ISNULL(SCOPE_IDENTITY(),1) AS [SCOPE_IDENTITY]
[2020-03-30 7:55:38 CH]
[INSERT]
[.Net SqlClient Data Provider]
String or binary data would be truncated.
The statement has been terminated.
   at TN.ComLib.DB.DBAccess`1.Insert(T item, String[] arrExcludeFields)
   at TN.ComLib.CommonHelper`1.Insert(T obj)
