[2020-04-24 1:55:11 SA]
[EXUCUTESCALAR]
[SQL String: INSERT INTO CONTACTS (
[FULLNAME]
,[EMAIL]
,[PHONE]
,[ADDRESS]
,[TITLE]
,[DESCRIPTION]
,[EMAIL_TO]
,[ORTHER_INFO]
,[COMPANY_NAME]
,[COMPANY_ADDRESS]
,[COMPANY_PHONE]
,[FAX]
,[SERVICES_CODE]
,[SERVICES]
,[TYPE]
,[GENDER]
,[POST_ZIP]
,[CITY]
,[COUNTRY]
,[PROVINE]
,[HOME_PHONE]
,[PHONE_2]
,[POSITION]
,[POSITION_NAME]
,[GROUP]
,[GROUP_NAME]
,[FULLNAME_NOSIGN]
)
  VALUES(
N'ValentinMironenko'
,N'valentinrogov1981@softroptars.bizml.ru'
,N'89169319983'
,N''
,N''
,N'Всегда рады предложить услугу: 
"Устранение онлайн-сайтов ваших конкурентов или мошенников!" 
Спросите, каким способом это сделать?! 
- Профессиональный опыт наших специалистов - десять лет. 
- Используем уникальные методы. 
- Наращиваем ссылочную массу порно и вирусными ссылками. 
- Поисковики молниеносно реагируют на наши используемые базы. 
- Размещенные тексты с веб-сайта спамятся, что сразу делает их неуникальными. 
- У нас очень большие возможности и опыт в данной сфере деятельности. 
 
Цена  4000py. 
Полная отчётность. 
Оплата: Киви, Яндекс.Деньги, Bitcoin, Visa, MasterCard... 
Телега: @exrumer 
Whatssap: +7(906)5312155 
Viber: +7(977)52-554-62  
Skype: XRumer.pro 
электронка: support@xrumer.club'
,N''
,N''
,N''
,N''
,N''
,N''
,N''
,N''
,1
,N''
,N''
,N''
,N''
,N''
,N''
,N''
,N''
,N''
,N''
,N''
,N''
)
; SELECT ISNULL(SCOPE_IDENTITY(),1) AS [SCOPE_IDENTITY] .Net SqlClient Data Provider]
String or binary data would be truncated.
The statement has been terminated.
   at System.Data.SqlClient.SqlConnection.OnError(SqlException exception, Boolean breakConnection, Action`1 wrapCloseInAction)
   at System.Data.SqlClient.SqlInternalConnection.OnError(SqlException exception, Boolean breakConnection, Action`1 wrapCloseInAction)
   at System.Data.SqlClient.TdsParser.ThrowExceptionAndWarning(TdsParserStateObject stateObj, Boolean callerHasConnectionLock, Boolean asyncClose)
   at System.Data.SqlClient.TdsParser.TryRun(RunBehavior runBehavior, SqlCommand cmdHandler, SqlDataReader dataStream, BulkCopySimpleResultSet bulkCopyHandler, TdsParserStateObject stateObj, Boolean& dataReady)
   at System.Data.SqlClient.SqlDataReader.TryConsumeMetaData()
   at System.Data.SqlClient.SqlDataReader.get_MetaData()
   at System.Data.SqlClient.SqlCommand.FinishExecuteReader(SqlDataReader ds, RunBehavior runBehavior, String resetOptionsString, Boolean isInternal, Boolean forDescribeParameterEncryption, Boolean shouldCacheForAlwaysEncrypted)
   at System.Data.SqlClient.SqlCommand.RunExecuteReaderTds(CommandBehavior cmdBehavior, RunBehavior runBehavior, Boolean returnStream, Boolean async, Int32 timeout, Task& task, Boolean asyncWrite, Boolean inRetry, SqlDataReader ds, Boolean describeParameterEncryptionRequest)
   at System.Data.SqlClient.SqlCommand.RunExecuteReader(CommandBehavior cmdBehavior, RunBehavior runBehavior, Boolean returnStream, String method, TaskCompletionSource`1 completion, Int32 timeout, Task& task, Boolean& usedCache, Boolean asyncWrite, Boolean inRetry)
   at System.Data.SqlClient.SqlCommand.RunExecuteReader(CommandBehavior cmdBehavior, RunBehavior runBehavior, Boolean returnStream, String method)
   at System.Data.SqlClient.SqlCommand.ExecuteScalar()
   at TN.ComLib.DB.DBBase.ExecuteScalar(String sqlString, CommandType cmdType, SqlParameter[] parameters)
[2020-04-24 1:55:11 SA]
[SQL_LOG]
INSERT INTO CONTACTS (
[FULLNAME]
,[EMAIL]
,[PHONE]
,[ADDRESS]
,[TITLE]
,[DESCRIPTION]
,[EMAIL_TO]
,[ORTHER_INFO]
,[COMPANY_NAME]
,[COMPANY_ADDRESS]
,[COMPANY_PHONE]
,[FAX]
,[SERVICES_CODE]
,[SERVICES]
,[TYPE]
,[GENDER]
,[POST_ZIP]
,[CITY]
,[COUNTRY]
,[PROVINE]
,[HOME_PHONE]
,[PHONE_2]
,[POSITION]
,[POSITION_NAME]
,[GROUP]
,[GROUP_NAME]
,[FULLNAME_NOSIGN]
)
  VALUES(
N'ValentinMironenko'
,N'valentinrogov1981@softroptars.bizml.ru'
,N'89169319983'
,N''
,N''
,N'Всегда рады предложить услугу: 
"Устранение онлайн-сайтов ваших конкурентов или мошенников!" 
Спросите, каким способом это сделать?! 
- Профессиональный опыт наших специалистов - десять лет. 
- Используем уникальные методы. 
- Наращиваем ссылочную массу порно и вирусными ссылками. 
- Поисковики молниеносно реагируют на наши используемые базы. 
- Размещенные тексты с веб-сайта спамятся, что сразу делает их неуникальными. 
- У нас очень большие возможности и опыт в данной сфере деятельности. 
 
Цена  4000py. 
Полная отчётность. 
Оплата: Киви, Яндекс.Деньги, Bitcoin, Visa, MasterCard... 
Телега: @exrumer 
Whatssap: +7(906)5312155 
Viber: +7(977)52-554-62  
Skype: XRumer.pro 
электронка: support@xrumer.club'
,N''
,N''
,N''
,N''
,N''
,N''
,N''
,N''
,1
,N''
,N''
,N''
,N''
,N''
,N''
,N''
,N''
,N''
,N''
,N''
,N''
)
; SELECT ISNULL(SCOPE_IDENTITY(),1) AS [SCOPE_IDENTITY]
[2020-04-24 1:55:11 SA]
[INSERT]
[.Net SqlClient Data Provider]
String or binary data would be truncated.
The statement has been terminated.
   at TN.ComLib.DB.DBAccess`1.Insert(T item, String[] arrExcludeFields)
   at TN.ComLib.CommonHelper`1.Insert(T obj)
