[2020-01-10 11:57:43 CH]
[EXUCUTESCALAR]
[SQL String: INSERT INTO CONTACTS (
[FULLNAME]
,[EMAIL]
,[PHONE]
,[ADDRESS]
,[TITLE]
,[DESCRIPTION]
,[EMAIL_TO]
,[ORTHER_INFO]
,[COMPANY_NAME]
,[COMPANY_ADDRESS]
,[COMPANY_PHONE]
,[FAX]
,[SERVICES_CODE]
,[SERVICES]
,[TYPE]
,[GENDER]
,[POST_ZIP]
,[CITY]
,[COUNTRY]
,[PROVINE]
,[HOME_PHONE]
,[PHONE_2]
,[POSITION]
,[POSITION_NAME]
,[GROUP]
,[GROUP_NAME]
,[FULLNAME_NOSIGN]
)
  VALUES(
N'Jones'
,N'eric@talkwithcustomer.com'
,N'416-385-3200'
,N''
,N''
,N'Hello,

You know it’s true…

Your competition just can’t hold a candle to the way you DELIVER real solutions to your customers on your website sunhitech.vn.

But it’s a shame when good people who need what you have to offer wind up settling for second best or even worse.

Not only do they deserve better, you deserve to be at the top of their list.
 
TalkWithCustomer can reliably turn your website sunhitech.vn into a serious, lead generating machine.

With TalkWithCustomer installed on your site, visitors can either call you immediately or schedule a call for you in the future.
 
And the difference to your business can be staggering – up to 100X more leads could be yours, just by giving TalkWithCustomer a FREE 14 Day Test Drive.
 
There’s absolutely NO risk to you, so CLICK HERE http://www.talkwithcustomer.com to sign up for this free test drive now.  

Tons more leads? You deserve it.

Sincerely,
Eric
PS:  Odds are, you won’t have long to wait before seeing results:
This service makes an immediate difference in getting people on the phone right away before they have a chance to turn around and surf off to a competitor''s website. D Traylor, Traylor Law  
Why wait any longer?  
CLICK HERE http://www.talkwithcustomer.com to take the FREE 14-Day Test Drive and start converting up to 100X more leads today!

If you''d like to unsubscribe click here http://liveserveronline.com/talkwithcustomer.aspx?d=sunhitech.vn'
,N''
,N''
,N''
,N''
,N''
,N''
,N''
,N''
,1
,N''
,N''
,N''
,N''
,N''
,N''
,N''
,N''
,N''
,N''
,N''
,N''
)
; SELECT ISNULL(SCOPE_IDENTITY(),1) AS [SCOPE_IDENTITY] .Net SqlClient Data Provider]
String or binary data would be truncated.
The statement has been terminated.
   at System.Data.SqlClient.SqlConnection.OnError(SqlException exception, Boolean breakConnection, Action`1 wrapCloseInAction)
   at System.Data.SqlClient.SqlInternalConnection.OnError(SqlException exception, Boolean breakConnection, Action`1 wrapCloseInAction)
   at System.Data.SqlClient.TdsParser.ThrowExceptionAndWarning(TdsParserStateObject stateObj, Boolean callerHasConnectionLock, Boolean asyncClose)
   at System.Data.SqlClient.TdsParser.TryRun(RunBehavior runBehavior, SqlCommand cmdHandler, SqlDataReader dataStream, BulkCopySimpleResultSet bulkCopyHandler, TdsParserStateObject stateObj, Boolean& dataReady)
   at System.Data.SqlClient.SqlDataReader.TryConsumeMetaData()
   at System.Data.SqlClient.SqlDataReader.get_MetaData()
   at System.Data.SqlClient.SqlCommand.FinishExecuteReader(SqlDataReader ds, RunBehavior runBehavior, String resetOptionsString, Boolean isInternal, Boolean forDescribeParameterEncryption, Boolean shouldCacheForAlwaysEncrypted)
   at System.Data.SqlClient.SqlCommand.RunExecuteReaderTds(CommandBehavior cmdBehavior, RunBehavior runBehavior, Boolean returnStream, Boolean async, Int32 timeout, Task& task, Boolean asyncWrite, Boolean inRetry, SqlDataReader ds, Boolean describeParameterEncryptionRequest)
   at System.Data.SqlClient.SqlCommand.RunExecuteReader(CommandBehavior cmdBehavior, RunBehavior runBehavior, Boolean returnStream, String method, TaskCompletionSource`1 completion, Int32 timeout, Task& task, Boolean& usedCache, Boolean asyncWrite, Boolean inRetry)
   at System.Data.SqlClient.SqlCommand.RunExecuteReader(CommandBehavior cmdBehavior, RunBehavior runBehavior, Boolean returnStream, String method)
   at System.Data.SqlClient.SqlCommand.ExecuteScalar()
   at TN.ComLib.DB.DBBase.ExecuteScalar(String sqlString, CommandType cmdType, SqlParameter[] parameters)
[2020-01-10 11:57:43 CH]
[SQL_LOG]
INSERT INTO CONTACTS (
[FULLNAME]
,[EMAIL]
,[PHONE]
,[ADDRESS]
,[TITLE]
,[DESCRIPTION]
,[EMAIL_TO]
,[ORTHER_INFO]
,[COMPANY_NAME]
,[COMPANY_ADDRESS]
,[COMPANY_PHONE]
,[FAX]
,[SERVICES_CODE]
,[SERVICES]
,[TYPE]
,[GENDER]
,[POST_ZIP]
,[CITY]
,[COUNTRY]
,[PROVINE]
,[HOME_PHONE]
,[PHONE_2]
,[POSITION]
,[POSITION_NAME]
,[GROUP]
,[GROUP_NAME]
,[FULLNAME_NOSIGN]
)
  VALUES(
N'Jones'
,N'eric@talkwithcustomer.com'
,N'416-385-3200'
,N''
,N''
,N'Hello,

You know it’s true…

Your competition just can’t hold a candle to the way you DELIVER real solutions to your customers on your website sunhitech.vn.

But it’s a shame when good people who need what you have to offer wind up settling for second best or even worse.

Not only do they deserve better, you deserve to be at the top of their list.
 
TalkWithCustomer can reliably turn your website sunhitech.vn into a serious, lead generating machine.

With TalkWithCustomer installed on your site, visitors can either call you immediately or schedule a call for you in the future.
 
And the difference to your business can be staggering – up to 100X more leads could be yours, just by giving TalkWithCustomer a FREE 14 Day Test Drive.
 
There’s absolutely NO risk to you, so CLICK HERE http://www.talkwithcustomer.com to sign up for this free test drive now.  

Tons more leads? You deserve it.

Sincerely,
Eric
PS:  Odds are, you won’t have long to wait before seeing results:
This service makes an immediate difference in getting people on the phone right away before they have a chance to turn around and surf off to a competitor''s website. D Traylor, Traylor Law  
Why wait any longer?  
CLICK HERE http://www.talkwithcustomer.com to take the FREE 14-Day Test Drive and start converting up to 100X more leads today!

If you''d like to unsubscribe click here http://liveserveronline.com/talkwithcustomer.aspx?d=sunhitech.vn'
,N''
,N''
,N''
,N''
,N''
,N''
,N''
,N''
,1
,N''
,N''
,N''
,N''
,N''
,N''
,N''
,N''
,N''
,N''
,N''
,N''
)
; SELECT ISNULL(SCOPE_IDENTITY(),1) AS [SCOPE_IDENTITY]
[2020-01-10 11:57:43 CH]
[INSERT]
[.Net SqlClient Data Provider]
String or binary data would be truncated.
The statement has been terminated.
   at TN.ComLib.DB.DBAccess`1.Insert(T item, String[] arrExcludeFields)
   at TN.ComLib.CommonHelper`1.Insert(T obj)
