[2020-04-30 8:09:18 AM]
[EXUCUTESCALAR]
[SQL String: INSERT INTO CONTACTS (
[FULLNAME]
,[EMAIL]
,[PHONE]
,[ADDRESS]
,[TITLE]
,[DESCRIPTION]
,[EMAIL_TO]
,[ORTHER_INFO]
,[COMPANY_NAME]
,[COMPANY_ADDRESS]
,[COMPANY_PHONE]
,[FAX]
,[SERVICES_CODE]
,[SERVICES]
,[TYPE]
,[GENDER]
,[POST_ZIP]
,[CITY]
,[COUNTRY]
,[PROVINE]
,[HOME_PHONE]
,[PHONE_2]
,[POSITION]
,[POSITION_NAME]
,[GROUP]
,[GROUP_NAME]
,[FULLNAME_NOSIGN]
)
  VALUES(
N'T.'
,N'charles@mobilesterilizer.shop'
,N'931-252-4747'
,N'1457 Farm Meadow Drive'
,N'Mz kym lo i b'
,N'Hello there,

These times have really tested all of us, halted the globe, and also transformed the means all of us live.

I ''d like to present myself. My name is Charles, I am an inventor and developer of Mobile Sterilizer.

The mobile case that sanitizes your smart phone, killing germs leaving behind a Spotless smart phone!

 It additionally decontaminates keys, precious jewelry, or any other tiny home item.

I have actually done this because the phone is most likely in your hand greater than 20% of the a day think about how much bacteria its grabbing from surface areas!

Please be secure out there I wish my inventions can bring you as well as your loved one''s safety.

learn more at - www.mobilesterilizer.shop

Best Regards,

Charles T.
www.mobilesterilizer.shop
Mobile Sterilizer
globes first mobile cleansing case'
,N''
,N''
,N''
,N''
,N''
,N''
,N''
,N''
,1
,N''
,N''
,N''
,N''
,N''
,N''
,N''
,N''
,N''
,N''
,N''
,N''
)
; SELECT ISNULL(SCOPE_IDENTITY(),1) AS [SCOPE_IDENTITY] .Net SqlClient Data Provider]
String or binary data would be truncated.
The statement has been terminated.
   at System.Data.SqlClient.SqlConnection.OnError(SqlException exception, Boolean breakConnection, Action`1 wrapCloseInAction)
   at System.Data.SqlClient.SqlInternalConnection.OnError(SqlException exception, Boolean breakConnection, Action`1 wrapCloseInAction)
   at System.Data.SqlClient.TdsParser.ThrowExceptionAndWarning(TdsParserStateObject stateObj, Boolean callerHasConnectionLock, Boolean asyncClose)
   at System.Data.SqlClient.TdsParser.TryRun(RunBehavior runBehavior, SqlCommand cmdHandler, SqlDataReader dataStream, BulkCopySimpleResultSet bulkCopyHandler, TdsParserStateObject stateObj, Boolean& dataReady)
   at System.Data.SqlClient.SqlDataReader.TryConsumeMetaData()
   at System.Data.SqlClient.SqlDataReader.get_MetaData()
   at System.Data.SqlClient.SqlCommand.FinishExecuteReader(SqlDataReader ds, RunBehavior runBehavior, String resetOptionsString, Boolean isInternal, Boolean forDescribeParameterEncryption, Boolean shouldCacheForAlwaysEncrypted)
   at System.Data.SqlClient.SqlCommand.RunExecuteReaderTds(CommandBehavior cmdBehavior, RunBehavior runBehavior, Boolean returnStream, Boolean async, Int32 timeout, Task& task, Boolean asyncWrite, Boolean inRetry, SqlDataReader ds, Boolean describeParameterEncryptionRequest)
   at System.Data.SqlClient.SqlCommand.RunExecuteReader(CommandBehavior cmdBehavior, RunBehavior runBehavior, Boolean returnStream, String method, TaskCompletionSource`1 completion, Int32 timeout, Task& task, Boolean& usedCache, Boolean asyncWrite, Boolean inRetry)
   at System.Data.SqlClient.SqlCommand.RunExecuteReader(CommandBehavior cmdBehavior, RunBehavior runBehavior, Boolean returnStream, String method)
   at System.Data.SqlClient.SqlCommand.ExecuteScalar()
   at TN.ComLib.DB.DBBase.ExecuteScalar(String sqlString, CommandType cmdType, SqlParameter[] parameters)
[2020-04-30 8:09:18 AM]
[SQL_LOG]
INSERT INTO CONTACTS (
[FULLNAME]
,[EMAIL]
,[PHONE]
,[ADDRESS]
,[TITLE]
,[DESCRIPTION]
,[EMAIL_TO]
,[ORTHER_INFO]
,[COMPANY_NAME]
,[COMPANY_ADDRESS]
,[COMPANY_PHONE]
,[FAX]
,[SERVICES_CODE]
,[SERVICES]
,[TYPE]
,[GENDER]
,[POST_ZIP]
,[CITY]
,[COUNTRY]
,[PROVINE]
,[HOME_PHONE]
,[PHONE_2]
,[POSITION]
,[POSITION_NAME]
,[GROUP]
,[GROUP_NAME]
,[FULLNAME_NOSIGN]
)
  VALUES(
N'T.'
,N'charles@mobilesterilizer.shop'
,N'931-252-4747'
,N'1457 Farm Meadow Drive'
,N'Mz kym lo i b'
,N'Hello there,

These times have really tested all of us, halted the globe, and also transformed the means all of us live.

I ''d like to present myself. My name is Charles, I am an inventor and developer of Mobile Sterilizer.

The mobile case that sanitizes your smart phone, killing germs leaving behind a Spotless smart phone!

 It additionally decontaminates keys, precious jewelry, or any other tiny home item.

I have actually done this because the phone is most likely in your hand greater than 20% of the a day think about how much bacteria its grabbing from surface areas!

Please be secure out there I wish my inventions can bring you as well as your loved one''s safety.

learn more at - www.mobilesterilizer.shop

Best Regards,

Charles T.
www.mobilesterilizer.shop
Mobile Sterilizer
globes first mobile cleansing case'
,N''
,N''
,N''
,N''
,N''
,N''
,N''
,N''
,1
,N''
,N''
,N''
,N''
,N''
,N''
,N''
,N''
,N''
,N''
,N''
,N''
)
; SELECT ISNULL(SCOPE_IDENTITY(),1) AS [SCOPE_IDENTITY]
[2020-04-30 8:09:18 AM]
[INSERT]
[.Net SqlClient Data Provider]
String or binary data would be truncated.
The statement has been terminated.
   at TN.ComLib.DB.DBAccess`1.Insert(T item, String[] arrExcludeFields)
   at TN.ComLib.CommonHelper`1.Insert(T obj)
